\BOOKMARK [1][-]{section.1}{\376\377\230\171\166\356\200\314\146\157\116\016\142\030\165\145\141\017\116\111}{}% 1
\BOOKMARK [2][-]{subsection.1.1}{\376\377\171\321\170\024\213\272\145\207\215\104\116\247\123\026\166\204\145\366\116\343\227\000\154\102}{section.1}% 2
\BOOKMARK [2][-]{subsection.1.2}{\376\377\142\200\147\057\122\033\145\260\172\201\170\064\123\343}{section.1}% 3
\BOOKMARK [1][-]{section.2}{\376\377\174\373\176\337\147\266\147\204\213\276\213\241}{}% 4
\BOOKMARK [2][-]{subsection.2.1}{\376\377\140\073\117\123\147\266\147\204\151\202\211\310}{section.2}% 5
\BOOKMARK [2][-]{subsection.2.2}{\376\377\150\070\137\303\122\237\200\375\152\041\127\127}{section.2}% 6
\BOOKMARK [3][-]{subsubsection.2.2.1}{\376\377\145\207\163\056\143\320\123\326\137\025\144\316}{subsection.2.2}% 7
\BOOKMARK [3][-]{subsubsection.2.2.2}{\376\377\137\025\165\050\232\214\213\301\174\373\176\337}{subsection.2.2}% 8
\BOOKMARK [3][-]{subsubsection.2.2.3}{\376\377\142\151\134\125\135\345\121\167\226\306}{subsection.2.2}% 9
\BOOKMARK [1][-]{section.3}{\376\377\000A\000R\000M\116\135\152\041\127\127\215\104\116\247\117\123\174\373}{}% 10
\BOOKMARK [2][-]{subsection.3.1}{\376\377\152\041\127\127\147\266\147\204\213\346\211\343}{section.3}% 11
\BOOKMARK [2][-]{subsection.3.2}{\376\377\000C\000l\000a\000i\000m\143\320\123\326\173\126\165\145}{section.3}% 12
\BOOKMARK [1][-]{section.4}{\376\377\142\200\147\057\133\236\163\260\116\256\160\271}{}% 13
\BOOKMARK [2][-]{subsection.4.1}{\376\377\123\237\145\207\137\025\165\050\176\246\147\137\147\072\122\066}{section.4}% 14
\BOOKMARK [2][-]{subsection.4.2}{\376\377\131\032\134\102\124\010\211\304\140\047\150\041\232\214\117\123\174\373}{section.4}% 15
\BOOKMARK [2][-]{subsection.4.3}{\376\377\121\150\155\101\172\013\217\375\216\052\126\336\145\076}{section.4}% 16
\BOOKMARK [1][-]{section.5}{\376\377\122\237\200\375\133\236\163\260\134\125\171\072}{}% 17
\BOOKMARK [2][-]{subsection.5.1}{\376\377\142\020\122\237\150\110\117\213\157\024\171\072}{section.5}% 18
\BOOKMARK [3][-]{subsubsection.5.1.1}{\376\377\131\032\213\272\145\207\142\171\221\317\131\004\164\006}{subsection.5.1}% 19
\BOOKMARK [3][-]{subsubsection.5.1.2}{\376\377\000W\000e\000b\165\114\227\142\134\125\171\072}{subsection.5.1}% 20
\BOOKMARK [2][-]{subsection.5.2}{\376\377\131\061\215\045\150\110\117\213\131\004\164\006}{section.5}% 21
\BOOKMARK [3][-]{subsubsection.5.2.1}{\376\377\131\061\215\045\127\072\146\157\122\006\174\173}{subsection.5.2}% 22
\BOOKMARK [3][-]{subsubsection.5.2.2}{\376\377\131\061\215\045\226\073\145\255\147\072\122\066}{subsection.5.2}% 23
\BOOKMARK [1][-]{section.6}{\376\377\142\200\147\057\122\033\145\260\160\271}{}% 24
\BOOKMARK [2][-]{subsection.6.1}{\376\377\147\266\147\204\122\033\145\260}{section.6}% 25
\BOOKMARK [3][-]{subsubsection.6.1.1}{\376\377\143\322\116\366\137\017\122\006\134\102\213\276\213\241}{subsection.6.1}% 26
\BOOKMARK [3][-]{subsubsection.6.1.2}{\376\377\140\073\143\247\214\003\136\246\152\041\137\017}{subsection.6.1}% 27
\BOOKMARK [2][-]{subsection.6.2}{\376\377\145\271\154\325\122\033\145\260}{section.6}% 28
\BOOKMARK [3][-]{subsubsection.6.2.1}{\376\377\000Q\000u\000o\000t\000e\000-\000o\000n\000l\000y\173\126\165\145}{subsection.6.2}% 29
\BOOKMARK [3][-]{subsubsection.6.2.2}{\376\377\213\301\143\156\176\321\133\232\147\072\122\066}{subsection.6.2}% 30
\BOOKMARK [1][-]{section.7}{\376\377\140\047\200\375\143\007\150\007\116\016\155\113\213\325}{}% 31
\BOOKMARK [2][-]{subsection.7.1}{\376\377\155\113\213\325\211\206\166\326\163\207}{section.7}% 32
\BOOKMARK [2][-]{subsection.7.2}{\376\377\140\047\200\375\143\007\150\007}{section.7}% 33
\BOOKMARK [2][-]{subsection.7.3}{\376\377\123\357\131\015\163\260\140\047\117\335\213\301}{section.7}% 34
\BOOKMARK [1][-]{section.8}{\376\377\136\224\165\050\116\367\120\074\116\016\122\115\146\157}{}% 35
\BOOKMARK [2][-]{subsection.8.1}{\376\377\133\146\147\057\116\367\120\074}{section.8}% 36
\BOOKMARK [2][-]{subsection.8.2}{\376\377\135\345\172\013\116\367\120\074}{section.8}% 37
\BOOKMARK [2][-]{subsection.8.3}{\376\377\123\321\134\125\122\115\146\157}{section.8}% 38
\BOOKMARK [1][-]{section.9}{\376\377\230\171\166\356\142\020\147\234\140\073\176\323}{}% 39
\BOOKMARK [2][-]{subsection.9.1}{\376\377\116\244\116\330\162\151\156\005\123\125}{section.9}% 40
\BOOKMARK [2][-]{subsection.9.2}{\376\377\142\200\147\057\142\020\134\061}{section.9}% 41
\BOOKMARK [2][-]{subsection.9.3}{\376\377\122\033\145\260\172\201\170\064}{section.9}% 42
\BOOKMARK [1][-]{section.10}{\376\377\230\171\166\356\140\073\176\323}{}% 43
