\BOOKMARK [1][-]{section.1}{\376\377\137\025\212\000}{}% 1
\BOOKMARK [1][-]{section.2}{\376\377\151\202\137\365\116\016\150\070\137\303\142\200\147\057\147\266\147\204}{}% 2
\BOOKMARK [2][-]{subsection.2.1}{\376\377\131\047\152\041\127\213\060\001\131\032\152\041\140\001\152\041\127\213\116\016\146\172\200\375\117\123\166\204\217\271\165\114}{section.2}% 3
\BOOKMARK [2][-]{subsection.2.2}{\376\377\165\037\162\151\123\073\133\146\117\030\122\277\116\016\137\305\211\201\176\246\147\137}{section.2}% 4
\BOOKMARK [1][-]{section.3}{\376\377\226\077\134\024\203\050\155\167\236\330\165\305\377\032\000E\000C\000S\156\005\226\144\226\234\170\215\166\204\131\032\152\041\140\001\225\355\163\257}{}% 5
\BOOKMARK [2][-]{subsection.3.1}{\376\377\116\316\174\173\155\313\135\364\116\244\143\142\122\060\000A\000/\000T\000a\000u\204\304\171\357\166\204\123\357\150\300\232\214\225\356\230\230}{section.3}% 6
\BOOKMARK [2][-]{subsection.3.2}{\376\377\000A\000D\131\032\152\041\140\001\116\367\120\074\167\351\226\065}{section.3}% 7
\BOOKMARK [1][-]{section.4}{\376\377\000E\000C\000S\166\370\121\163\131\032\152\041\140\001\145\160\143\156\123\312\136\224\165\050\116\367\120\074}{}% 8
\BOOKMARK [1][-]{section.5}{\376\377\123\357\133\236\163\260\116\024\123\357\232\214\213\301\166\204\142\200\147\057\215\357\176\277}{}% 9
\BOOKMARK [2][-]{subsection.5.1}{\376\377\215\350\134\072\136\246\133\371\237\120\377\032\116\316\137\256\211\302\176\304\176\307\126\376\122\060\000M\000R\000I\117\123\175\040}{section.5}% 10
\BOOKMARK [2][-]{subsection.5.2}{\376\377\145\160\143\156\116\016\136\372\152\041}{section.5}% 11
\BOOKMARK [3][-]{subsubsection.5.2.1}{\376\377\124\010\142\020\145\160\143\156\157\024\171\072\116\016\155\210\207\215\176\323\147\234}{subsection.5.2}% 12
\BOOKMARK [2][-]{subsection.5.3}{\376\377\000E\000C\000S\215\350\134\072\136\246\145\160\133\127\133\152\165\037\146\172\200\375\117\123\377\032\135\345\121\167\224\376\116\016\232\214\213\301}{section.5}% 13
\BOOKMARK [2][-]{subsection.5.4}{\376\377\116\064\136\212\116\244\116\222\116\016\116\272\147\072\123\117\124\014}{section.5}% 14
\BOOKMARK [2][-]{subsection.5.5}{\376\377\120\107\213\276\165\037\142\020\116\016\000A\000g\000e\000n\000t\213\304\117\060\117\123\174\373}{section.5}% 15
\BOOKMARK [1][-]{section.6}{\376\377\143\021\142\030\060\001\117\046\164\006\116\016\134\125\147\033}{}% 16
\BOOKMARK [1][-]{section.7}{\376\377\176\323\213\272}{}% 17
\BOOKMARK [1][-]{appendix.A}{\376\377\123\357\131\015\163\260\116\343\170\001}{}% 18
\BOOKMARK [2][-]{subsection.A.1}{\376\377\217\320\210\114\221\115\177\156}{appendix.A}% 19
\BOOKMARK [2][-]{subsection.A.2}{\376\377\124\010\142\020\145\160\143\156\165\037\142\020}{appendix.A}% 20
\BOOKMARK [2][-]{subsection.A.3}{\376\377\000P\000I\000N\000N\171\072\216\052\122\102\123\315\157\024\157\024\171\072}{appendix.A}% 21
\BOOKMARK [2][-]{subsection.A.4}{\376\377\000E\000C\000S\150\067\137\017\122\006\122\162\127\372\176\277}{appendix.A}% 22
\BOOKMARK [2][-]{subsection.A.5}{\376\377\155\210\207\215\133\236\232\214}{appendix.A}% 23
\BOOKMARK [2][-]{subsection.A.6}{\376\377\176\323\147\234\176\330\122\066}{appendix.A}% 24
